[REQUEST] https://the-internet.herokuapp.com/login
[RESPONSE] https://the-internet.herokuapp.com/login
[REQUEST] https://the-internet.herokuapp.com/css/font-awesome.css
[REQUEST] https://the-internet.herokuapp.com/img/forkme_right_green_007200.png
[REQUEST] https://the-internet.herokuapp.com/js/foundation/foundation.js
[REQUEST] https://the-internet.herokuapp.com/js/vendor/jquery-1.11.3.min.js
[REQUEST] https://the-internet.herokuapp.com/js/foundation/foundation.alerts.js
[REQUEST] https://the-internet.herokuapp.com/js/vendor/jquery-ui-1.11.4/jquery-ui.js
[REQUEST] https://the-internet.herokuapp.com/css/app.css
[REQUEST] https://the-internet.herokuapp.com/js/vendor/298279967.js
[RESPONSE] https://the-internet.herokuapp.com/css/font-awesome.css
[RESPONSE] https://the-internet.herokuapp.com/css/app.css
[RESPONSE] https://the-internet.herokuapp.com/js/foundation/foundation.js
[RESPONSE] https://the-internet.herokuapp.com/js/foundation/foundation.alerts.js
[RESPONSE] https://the-internet.herokuapp.com/js/vendor/298279967.js
[REQUEST] https://298279967.log.optimizely.com/event?a=298279967&d=298279967&y=false&n=https%3A%2F%2Fthe-internet.herokuapp.com%2Flogin&u=oeu1751870523898r0.32562415282156354&wxhr=true&t=1751870523901&f=298349752,318188263
[RESPONSE] https://the-internet.herokuapp.com/img/forkme_right_green_007200.png
[RESPONSE] https://the-internet.herokuapp.com/js/vendor/jquery-1.11.3.min.js
[RESPONSE] https://the-internet.herokuapp.com/js/vendor/jquery-ui-1.11.4/jquery-ui.js
[REQUEST] https://the-internet.herokuapp.com/fonts/fontawesome-webfont.woff2?v=4.3.0
[RESPONSE] https://the-internet.herokuapp.com/fonts/fontawesome-webfont.woff2?v=4.3.0
[REQUEST] https://the-internet.herokuapp.com/favicon.ico
[REQUEST] https://298279967.log.optimizely.com/event?a=298279967&d=298279967&y=false&n=engagement&g=298283957&u=oeu1751870523898r0.32562415282156354&wxhr=true&t=1751870524867&f=298349752,318188263
[REQUEST] https://the-internet.herokuapp.com/authenticate
[RESPONSE] https://the-internet.herokuapp.com/favicon.ico
[REQUEST] https://the-internet.herokuapp.com/login
[RESPONSE] https://the-internet.herokuapp.com/login
[REQUEST] https://the-internet.herokuapp.com/js/vendor/298279967.js
[REQUEST] https://the-internet.herokuapp.com/js/vendor/jquery-ui-1.11.4/jquery-ui.js
[REQUEST] https://the-internet.herokuapp.com/js/foundation/foundation.alerts.js
[REQUEST] https://the-internet.herokuapp.com/js/vendor/jquery-1.11.3.min.js
[RESPONSE] https://the-internet.herokuapp.com/css/app.css
[REQUEST] https://the-internet.herokuapp.com/css/font-awesome.css
[REQUEST] https://the-internet.herokuapp.com/css/app.css
[RESPONSE] https://the-internet.herokuapp.com/js/vendor/jquery-1.11.3.min.js
[RESPONSE] https://the-internet.herokuapp.com/css/font-awesome.css
[RESPONSE] https://the-internet.herokuapp.com/js/vendor/298279967.js
[RESPONSE] https://the-internet.herokuapp.com/js/foundation/foundation.alerts.js
[RESPONSE] https://the-internet.herokuapp.com/img/forkme_right_green_007200.png
[RESPONSE] https://the-internet.herokuapp.com/js/foundation/foundation.js
[REQUEST] https://the-internet.herokuapp.com/img/forkme_right_green_007200.png
[REQUEST] https://the-internet.herokuapp.com/js/foundation/foundation.js
[RESPONSE] https://the-internet.herokuapp.com/js/vendor/jquery-ui-1.11.4/jquery-ui.js
[REQUEST] https://the-internet.herokuapp.com/fonts/fontawesome-webfont.woff2?v=4.3.0
[REQUEST] https://298279967.log.optimizely.com/event?a=298279967&d=298279967&y=false&n=engagement&g=298283957&u=oeu1751870523898r0.32562415282156354&wxhr=true&t=1751870524867&f=298349752,318188263
[REQUEST] https://298279967.log.optimizely.com/event?a=298279967&d=298279967&y=false&n=https%3A%2F%2Fthe-internet.herokuapp.com%2Flogin&u=oeu1751870523898r0.32562415282156354&wxhr=true&t=1751870523901&f=298349752,318188263
[REQUEST] https://298279967.log.optimizely.com/event?a=298279967&d=298279967&y=false&n=https%3A%2F%2Fthe-internet.herokuapp.com%2Flogin&u=oeu1751870523898r0.32562415282156354&wxhr=true&t=1751870525392&f=298349752,318188263
[RESPONSE] https://the-internet.herokuapp.com/fonts/fontawesome-webfont.woff2?v=4.3.0
[REQUEST] https://the-internet.herokuapp.com/login
[RESPONSE] https://the-internet.herokuapp.com/login
[REQUEST] https://the-internet.herokuapp.com/js/vendor/298279967.js
[REQUEST] https://the-internet.herokuapp.com/img/forkme_right_green_007200.png
[REQUEST] https://the-internet.herokuapp.com/js/foundation/foundation.alerts.js
[REQUEST] https://the-internet.herokuapp.com/js/foundation/foundation.js
[REQUEST] https://the-internet.herokuapp.com/css/app.css
[REQUEST] https://the-internet.herokuapp.com/js/vendor/jquery-1.11.3.min.js
[REQUEST] https://the-internet.herokuapp.com/css/font-awesome.css
[REQUEST] https://the-internet.herokuapp.com/js/vendor/jquery-ui-1.11.4/jquery-ui.js
[RESPONSE] https://the-internet.herokuapp.com/css/app.css
[RESPONSE] https://the-internet.herokuapp.com/css/font-awesome.css
[RESPONSE] https://the-internet.herokuapp.com/js/foundation/foundation.js
[RESPONSE] https://the-internet.herokuapp.com/js/vendor/298279967.js
[RESPONSE] https://the-internet.herokuapp.com/js/foundation/foundation.alerts.js
[REQUEST] https://298279967.log.optimizely.com/event?a=298279967&d=298279967&y=false&n=https%3A%2F%2Fthe-internet.herokuapp.com%2Flogin&u=oeu1751870592744r0.8843967410781477&wxhr=true&t=1751870592750&f=298349752,318188263
[RESPONSE] https://the-internet.herokuapp.com/img/forkme_right_green_007200.png
[RESPONSE] https://the-internet.herokuapp.com/js/vendor/jquery-1.11.3.min.js
[RESPONSE] https://the-internet.herokuapp.com/js/vendor/jquery-ui-1.11.4/jquery-ui.js
[REQUEST] https://the-internet.herokuapp.com/fonts/fontawesome-webfont.woff2?v=4.3.0
[RESPONSE] https://the-internet.herokuapp.com/fonts/fontawesome-webfont.woff2?v=4.3.0
[REQUEST] https://the-internet.herokuapp.com/favicon.ico
[REQUEST] https://298279967.log.optimizely.com/event?a=298279967&d=298279967&y=false&n=engagement&g=298283957&u=oeu1751870592744r0.8843967410781477&wxhr=true&t=1751870594208&f=298349752,318188263
[REQUEST] https://the-internet.herokuapp.com/authenticate
[RESPONSE] https://the-internet.herokuapp.com/favicon.ico
[REQUEST] https://the-internet.herokuapp.com/login
[RESPONSE] https://the-internet.herokuapp.com/login
[REQUEST] https://the-internet.herokuapp.com/css/app.css
[RESPONSE] https://the-internet.herokuapp.com/css/font-awesome.css
[RESPONSE] https://the-internet.herokuapp.com/js/vendor/jquery-1.11.3.min.js
[REQUEST] https://the-internet.herokuapp.com/js/vendor/jquery-1.11.3.min.js
[RESPONSE] https://the-internet.herokuapp.com/js/foundation/foundation.alerts.js
[RESPONSE] https://the-internet.herokuapp.com/css/app.css
[REQUEST] https://the-internet.herokuapp.com/css/font-awesome.css
[RESPONSE] https://the-internet.herokuapp.com/js/vendor/298279967.js
[REQUEST] https://the-internet.herokuapp.com/js/vendor/298279967.js
[RESPONSE] https://the-internet.herokuapp.com/img/forkme_right_green_007200.png
[REQUEST] https://the-internet.herokuapp.com/js/foundation/foundation.alerts.js
[REQUEST] https://the-internet.herokuapp.com/img/forkme_right_green_007200.png
[RESPONSE] https://the-internet.herokuapp.com/js/foundation/foundation.js
[RESPONSE] https://the-internet.herokuapp.com/js/vendor/jquery-ui-1.11.4/jquery-ui.js
[REQUEST] https://the-internet.herokuapp.com/js/foundation/foundation.js
[REQUEST] https://the-internet.herokuapp.com/js/vendor/jquery-ui-1.11.4/jquery-ui.js
[REQUEST] https://the-internet.herokuapp.com/fonts/fontawesome-webfont.woff2?v=4.3.0
[RESPONSE] https://the-internet.herokuapp.com/fonts/fontawesome-webfont.woff2?v=4.3.0
[REQUEST] https://298279967.log.optimizely.com/event?a=298279967&d=298279967&y=false&n=https%3A%2F%2Fthe-internet.herokuapp.com%2Flogin&u=oeu1751870592744r0.8843967410781477&wxhr=true&t=1751870592750&f=298349752,318188263
[REQUEST] https://298279967.log.optimizely.com/event?a=298279967&d=298279967&y=false&n=engagement&g=298283957&u=oeu1751870592744r0.8843967410781477&wxhr=true&t=1751870594208&f=298349752,318188263
[REQUEST] https://298279967.log.optimizely.com/event?a=298279967&d=298279967&y=false&n=https%3A%2F%2Fthe-internet.herokuapp.com%2Flogin&u=oeu1751870592744r0.8843967410781477&wxhr=true&t=1751870594753&f=298349752,318188263
