[REQUEST] https://the-internet.herokuapp.com/login
[RESPONSE] https://the-internet.herokuapp.com/login
[REQUEST] https://the-internet.herokuapp.com/css/font-awesome.css
[REQUEST] https://the-internet.herokuapp.com/img/forkme_right_green_007200.png
[REQUEST] https://the-internet.herokuapp.com/js/foundation/foundation.js
[REQUEST] https://the-internet.herokuapp.com/js/vendor/jquery-ui-1.11.4/jquery-ui.js
[REQUEST] https://the-internet.herokuapp.com/js/vendor/jquery-1.11.3.min.js
[REQUEST] https://the-internet.herokuapp.com/js/foundation/foundation.alerts.js
[REQUEST] https://the-internet.herokuapp.com/css/app.css
[REQUEST] https://the-internet.herokuapp.com/js/vendor/298279967.js
[RESPONSE] https://the-internet.herokuapp.com/css/app.css
[RESPONSE] https://the-internet.herokuapp.com/js/foundation/foundation.js
[RESPONSE] https://the-internet.herokuapp.com/js/vendor/298279967.js
[REQUEST] https://298279967.log.optimizely.com/event?a=298279967&d=298279967&y=false&n=https%3A%2F%2Fthe-internet.herokuapp.com%2Flogin&u=oeu1745553221988r0.2986003367796204&wxhr=true&t=1745553221991&f=298349752,318188263
[RESPONSE] https://the-internet.herokuapp.com/css/font-awesome.css
[RESPONSE] https://the-internet.herokuapp.com/img/forkme_right_green_007200.png
[RESPONSE] https://the-internet.herokuapp.com/js/foundation/foundation.alerts.js
[RESPONSE] https://the-internet.herokuapp.com/js/vendor/jquery-1.11.3.min.js
[RESPONSE] https://the-internet.herokuapp.com/js/vendor/jquery-ui-1.11.4/jquery-ui.js
[REQUEST] https://the-internet.herokuapp.com/fonts/fontawesome-webfont.woff2?v=4.3.0
[RESPONSE] https://the-internet.herokuapp.com/fonts/fontawesome-webfont.woff2?v=4.3.0
[REQUEST] https://the-internet.herokuapp.com/favicon.ico
[REQUEST] https://298279967.log.optimizely.com/event?a=298279967&d=298279967&y=false&n=engagement&g=298283957&u=oeu1745553221988r0.2986003367796204&wxhr=true&t=1745553224005&f=298349752,318188263
[REQUEST] https://the-internet.herokuapp.com/authenticate
[RESPONSE] https://the-internet.herokuapp.com/favicon.ico
[REQUEST] https://the-internet.herokuapp.com/login
[RESPONSE] https://the-internet.herokuapp.com/login
[REQUEST] https://the-internet.herokuapp.com/js/vendor/298279967.js
[REQUEST] https://the-internet.herokuapp.com/css/app.css
[REQUEST] https://the-internet.herokuapp.com/css/font-awesome.css
[RESPONSE] https://the-internet.herokuapp.com/css/font-awesome.css
[RESPONSE] https://the-internet.herokuapp.com/js/vendor/jquery-1.11.3.min.js
[REQUEST] https://the-internet.herokuapp.com/js/foundation/foundation.js
[RESPONSE] https://the-internet.herokuapp.com/js/foundation/foundation.alerts.js
[REQUEST] https://the-internet.herokuapp.com/img/forkme_right_green_007200.png
[RESPONSE] https://the-internet.herokuapp.com/img/forkme_right_green_007200.png
[REQUEST] https://the-internet.herokuapp.com/js/vendor/jquery-1.11.3.min.js
[RESPONSE] https://the-internet.herokuapp.com/js/foundation/foundation.js
[REQUEST] https://the-internet.herokuapp.com/js/foundation/foundation.alerts.js
[RESPONSE] https://the-internet.herokuapp.com/js/vendor/298279967.js
[RESPONSE] https://the-internet.herokuapp.com/css/app.css
[RESPONSE] https://the-internet.herokuapp.com/js/vendor/jquery-ui-1.11.4/jquery-ui.js
[REQUEST] https://298279967.log.optimizely.com/event?a=298279967&d=298279967&y=false&n=engagement&g=298283957&u=oeu1745553221988r0.2986003367796204&wxhr=true&t=1745553224005&f=298349752,318188263
[RESPONSE] https://the-internet.herokuapp.com/fonts/fontawesome-webfont.woff2?v=4.3.0
[REQUEST] https://the-internet.herokuapp.com/fonts/fontawesome-webfont.woff2?v=4.3.0
[REQUEST] https://298279967.log.optimizely.com/event?a=298279967&d=298279967&y=false&n=https%3A%2F%2Fthe-internet.herokuapp.com%2Flogin&u=oeu1745553221988r0.2986003367796204&wxhr=true&t=1745553221991&f=298349752,318188263
[REQUEST] https://298279967.log.optimizely.com/event?a=298279967&d=298279967&y=false&n=https%3A%2F%2Fthe-internet.herokuapp.com%2Flogin&u=oeu1745553221988r0.2986003367796204&wxhr=true&t=1745553224550&f=298349752,318188263
[REQUEST] https://the-internet.herokuapp.com/js/vendor/jquery-ui-1.11.4/jquery-ui.js
[REQUEST] https://the-internet.herokuapp.com/login
[RESPONSE] https://the-internet.herokuapp.com/login
[REQUEST] https://the-internet.herokuapp.com/js/vendor/jquery-ui-1.11.4/jquery-ui.js
[REQUEST] https://the-internet.herokuapp.com/img/forkme_right_green_007200.png
[REQUEST] https://the-internet.herokuapp.com/js/vendor/298279967.js
[REQUEST] https://the-internet.herokuapp.com/js/foundation/foundation.js
[REQUEST] https://the-internet.herokuapp.com/css/font-awesome.css
[REQUEST] https://the-internet.herokuapp.com/css/app.css
[REQUEST] https://the-internet.herokuapp.com/js/vendor/jquery-1.11.3.min.js
[REQUEST] https://the-internet.herokuapp.com/js/foundation/foundation.alerts.js
[RESPONSE] https://the-internet.herokuapp.com/css/app.css
[RESPONSE] https://the-internet.herokuapp.com/js/foundation/foundation.js
[RESPONSE] https://the-internet.herokuapp.com/js/vendor/298279967.js
[REQUEST] https://298279967.log.optimizely.com/event?a=298279967&d=298279967&y=false&n=https%3A%2F%2Fthe-internet.herokuapp.com%2Flogin&u=oeu1745553291296r0.48061445375096057&wxhr=true&t=1745553291298&f=298349752,318188263
[RESPONSE] https://the-internet.herokuapp.com/css/font-awesome.css
[RESPONSE] https://the-internet.herokuapp.com/js/foundation/foundation.alerts.js
[RESPONSE] https://the-internet.herokuapp.com/img/forkme_right_green_007200.png
[RESPONSE] https://the-internet.herokuapp.com/js/vendor/jquery-ui-1.11.4/jquery-ui.js
[RESPONSE] https://the-internet.herokuapp.com/js/vendor/jquery-1.11.3.min.js
[REQUEST] https://the-internet.herokuapp.com/fonts/fontawesome-webfont.woff2?v=4.3.0
[RESPONSE] https://the-internet.herokuapp.com/fonts/fontawesome-webfont.woff2?v=4.3.0
[REQUEST] https://the-internet.herokuapp.com/favicon.ico
[REQUEST] https://298279967.log.optimizely.com/event?a=298279967&d=298279967&y=false&n=engagement&g=298283957&u=oeu1745553291296r0.48061445375096057&wxhr=true&t=1745553294924&f=298349752,318188263
[REQUEST] https://the-internet.herokuapp.com/authenticate
[RESPONSE] https://the-internet.herokuapp.com/favicon.ico
[REQUEST] https://the-internet.herokuapp.com/login
[RESPONSE] https://the-internet.herokuapp.com/login
[REQUEST] https://the-internet.herokuapp.com/js/vendor/298279967.js
[RESPONSE] https://the-internet.herokuapp.com/css/app.css
[REQUEST] https://the-internet.herokuapp.com/js/vendor/jquery-ui-1.11.4/jquery-ui.js
[REQUEST] https://the-internet.herokuapp.com/js/vendor/jquery-1.11.3.min.js
[RESPONSE] https://the-internet.herokuapp.com/js/vendor/298279967.js
[REQUEST] https://the-internet.herokuapp.com/img/forkme_right_green_007200.png
[RESPONSE] https://the-internet.herokuapp.com/js/foundation/foundation.alerts.js
[REQUEST] https://the-internet.herokuapp.com/js/foundation/foundation.js
[REQUEST] https://the-internet.herokuapp.com/js/foundation/foundation.alerts.js
[RESPONSE] https://the-internet.herokuapp.com/js/vendor/jquery-ui-1.11.4/jquery-ui.js
[REQUEST] https://the-internet.herokuapp.com/css/app.css
[RESPONSE] https://the-internet.herokuapp.com/js/vendor/jquery-1.11.3.min.js
[RESPONSE] https://the-internet.herokuapp.com/css/font-awesome.css
[REQUEST] https://the-internet.herokuapp.com/css/font-awesome.css
[RESPONSE] https://the-internet.herokuapp.com/img/forkme_right_green_007200.png
[RESPONSE] https://the-internet.herokuapp.com/js/foundation/foundation.js
[REQUEST] https://298279967.log.optimizely.com/event?a=298279967&d=298279967&y=false&n=https%3A%2F%2Fthe-internet.herokuapp.com%2Flogin&u=oeu1745553291296r0.48061445375096057&wxhr=true&t=1745553295501&f=298349752,318188263
[RESPONSE] https://the-internet.herokuapp.com/fonts/fontawesome-webfont.woff2?v=4.3.0
[REQUEST] https://298279967.log.optimizely.com/event?a=298279967&d=298279967&y=false&n=engagement&g=298283957&u=oeu1745553291296r0.48061445375096057&wxhr=true&t=1745553294924&f=298349752,318188263
[REQUEST] https://the-internet.herokuapp.com/fonts/fontawesome-webfont.woff2?v=4.3.0
[REQUEST] https://298279967.log.optimizely.com/event?a=298279967&d=298279967&y=false&n=https%3A%2F%2Fthe-internet.herokuapp.com%2Flogin&u=oeu1745553291296r0.48061445375096057&wxhr=true&t=1745553291298&f=298349752,318188263
[REQUEST] https://the-internet.herokuapp.com/login
[RESPONSE] https://the-internet.herokuapp.com/login
[REQUEST] https://the-internet.herokuapp.com/js/vendor/jquery-1.11.3.min.js
[REQUEST] https://the-internet.herokuapp.com/img/forkme_right_green_007200.png
[REQUEST] https://the-internet.herokuapp.com/js/foundation/foundation.alerts.js
[REQUEST] https://the-internet.herokuapp.com/js/foundation/foundation.js
[REQUEST] https://the-internet.herokuapp.com/js/vendor/jquery-ui-1.11.4/jquery-ui.js
[REQUEST] https://the-internet.herokuapp.com/css/app.css
[REQUEST] https://the-internet.herokuapp.com/js/vendor/298279967.js
[REQUEST] https://the-internet.herokuapp.com/css/font-awesome.css
[RESPONSE] https://the-internet.herokuapp.com/css/app.css
[RESPONSE] https://the-internet.herokuapp.com/js/foundation/foundation.js
[RESPONSE] https://the-internet.herokuapp.com/js/vendor/298279967.js
[REQUEST] https://298279967.log.optimizely.com/event?a=298279967&d=298279967&y=false&n=https%3A%2F%2Fthe-internet.herokuapp.com%2Flogin&u=oeu1745554170227r0.7452291459390812&wxhr=true&t=1745554170229&f=298349752,318188263
[RESPONSE] https://the-internet.herokuapp.com/css/font-awesome.css
[RESPONSE] https://the-internet.herokuapp.com/js/foundation/foundation.alerts.js
[RESPONSE] https://the-internet.herokuapp.com/img/forkme_right_green_007200.png
[RESPONSE] https://the-internet.herokuapp.com/js/vendor/jquery-1.11.3.min.js
[RESPONSE] https://the-internet.herokuapp.com/js/vendor/jquery-ui-1.11.4/jquery-ui.js
[REQUEST] https://the-internet.herokuapp.com/fonts/fontawesome-webfont.woff2?v=4.3.0
[RESPONSE] https://the-internet.herokuapp.com/fonts/fontawesome-webfont.woff2?v=4.3.0
[REQUEST] https://the-internet.herokuapp.com/favicon.ico
[REQUEST] https://298279967.log.optimizely.com/event?a=298279967&d=298279967&y=false&n=engagement&g=298283957&u=oeu1745554170227r0.7452291459390812&wxhr=true&t=1745554171778&f=298349752,318188263
[REQUEST] https://the-internet.herokuapp.com/authenticate
[RESPONSE] https://the-internet.herokuapp.com/favicon.ico
[REQUEST] https://the-internet.herokuapp.com/login
[RESPONSE] https://the-internet.herokuapp.com/login
[REQUEST] https://the-internet.herokuapp.com/js/vendor/298279967.js
[RESPONSE] https://the-internet.herokuapp.com/js/vendor/298279967.js
[REQUEST] https://the-internet.herokuapp.com/css/font-awesome.css
[REQUEST] https://the-internet.herokuapp.com/js/vendor/jquery-1.11.3.min.js
[REQUEST] https://the-internet.herokuapp.com/css/app.css
[RESPONSE] https://the-internet.herokuapp.com/css/font-awesome.css
[REQUEST] https://the-internet.herokuapp.com/js/vendor/jquery-ui-1.11.4/jquery-ui.js
[RESPONSE] https://the-internet.herokuapp.com/js/vendor/jquery-1.11.3.min.js
[RESPONSE] https://the-internet.herokuapp.com/css/app.css
[RESPONSE] https://the-internet.herokuapp.com/img/forkme_right_green_007200.png
[RESPONSE] https://the-internet.herokuapp.com/js/foundation/foundation.alerts.js
[REQUEST] https://the-internet.herokuapp.com/img/forkme_right_green_007200.png
[REQUEST] https://the-internet.herokuapp.com/js/foundation/foundation.alerts.js
[RESPONSE] https://the-internet.herokuapp.com/js/foundation/foundation.js
[REQUEST] https://the-internet.herokuapp.com/js/foundation/foundation.js
[RESPONSE] https://the-internet.herokuapp.com/js/vendor/jquery-ui-1.11.4/jquery-ui.js
[REQUEST] https://298279967.log.optimizely.com/event?a=298279967&d=298279967&y=false&n=https%3A%2F%2Fthe-internet.herokuapp.com%2Flogin&u=oeu1745554170227r0.7452291459390812&wxhr=true&t=1745554170229&f=298349752,318188263
[RESPONSE] https://the-internet.herokuapp.com/fonts/fontawesome-webfont.woff2?v=4.3.0
[REQUEST] https://298279967.log.optimizely.com/event?a=298279967&d=298279967&y=false&n=https%3A%2F%2Fthe-internet.herokuapp.com%2Flogin&u=oeu1745554170227r0.7452291459390812&wxhr=true&t=1745554172327&f=298349752,318188263
[REQUEST] https://298279967.log.optimizely.com/event?a=298279967&d=298279967&y=false&n=engagement&g=298283957&u=oeu1745554170227r0.7452291459390812&wxhr=true&t=1745554171778&f=298349752,318188263
[REQUEST] https://the-internet.herokuapp.com/fonts/fontawesome-webfont.woff2?v=4.3.0
[REQUEST] https://the-internet.herokuapp.com/login
[RESPONSE] https://the-internet.herokuapp.com/login
[REQUEST] https://the-internet.herokuapp.com/js/vendor/298279967.js
[REQUEST] https://the-internet.herokuapp.com/img/forkme_right_green_007200.png
[REQUEST] https://the-internet.herokuapp.com/css/font-awesome.css
[REQUEST] https://the-internet.herokuapp.com/js/vendor/jquery-1.11.3.min.js
[REQUEST] https://the-internet.herokuapp.com/js/foundation/foundation.alerts.js
[REQUEST] https://the-internet.herokuapp.com/css/app.css
[REQUEST] https://the-internet.herokuapp.com/js/foundation/foundation.js
[REQUEST] https://the-internet.herokuapp.com/js/vendor/jquery-ui-1.11.4/jquery-ui.js
[RESPONSE] https://the-internet.herokuapp.com/css/font-awesome.css
[RESPONSE] https://the-internet.herokuapp.com/css/app.css
[RESPONSE] https://the-internet.herokuapp.com/js/foundation/foundation.js
[RESPONSE] https://the-internet.herokuapp.com/js/foundation/foundation.alerts.js
[RESPONSE] https://the-internet.herokuapp.com/js/vendor/298279967.js
[REQUEST] https://298279967.log.optimizely.com/event?a=298279967&d=298279967&y=false&n=https%3A%2F%2Fthe-internet.herokuapp.com%2Flogin&u=oeu1745554373255r0.9435140784593906&wxhr=true&t=1745554373258&f=298349752,318188263
[RESPONSE] https://the-internet.herokuapp.com/img/forkme_right_green_007200.png
[RESPONSE] https://the-internet.herokuapp.com/js/vendor/jquery-1.11.3.min.js
[RESPONSE] https://the-internet.herokuapp.com/js/vendor/jquery-ui-1.11.4/jquery-ui.js
[REQUEST] https://the-internet.herokuapp.com/fonts/fontawesome-webfont.woff2?v=4.3.0
[RESPONSE] https://the-internet.herokuapp.com/fonts/fontawesome-webfont.woff2?v=4.3.0
[REQUEST] https://the-internet.herokuapp.com/favicon.ico
[REQUEST] https://298279967.log.optimizely.com/event?a=298279967&d=298279967&y=false&n=engagement&g=298283957&u=oeu1745554373255r0.9435140784593906&wxhr=true&t=1745554374281&f=298349752,318188263
[REQUEST] https://the-internet.herokuapp.com/authenticate
[RESPONSE] https://the-internet.herokuapp.com/favicon.ico
[REQUEST] https://the-internet.herokuapp.com/login
[RESPONSE] https://the-internet.herokuapp.com/login
[REQUEST] https://the-internet.herokuapp.com/css/app.css
[REQUEST] https://the-internet.herokuapp.com/css/font-awesome.css
[RESPONSE] https://the-internet.herokuapp.com/js/vendor/jquery-1.11.3.min.js
[RESPONSE] https://the-internet.herokuapp.com/css/app.css
[RESPONSE] https://the-internet.herokuapp.com/js/vendor/298279967.js
[REQUEST] https://the-internet.herokuapp.com/js/vendor/298279967.js
[RESPONSE] https://the-internet.herokuapp.com/img/forkme_right_green_007200.png
[RESPONSE] https://the-internet.herokuapp.com/js/vendor/jquery-ui-1.11.4/jquery-ui.js
[REQUEST] https://the-internet.herokuapp.com/js/vendor/jquery-ui-1.11.4/jquery-ui.js
[REQUEST] https://the-internet.herokuapp.com/img/forkme_right_green_007200.png
[RESPONSE] https://the-internet.herokuapp.com/js/foundation/foundation.js
[REQUEST] https://the-internet.herokuapp.com/js/foundation/foundation.js
[REQUEST] https://the-internet.herokuapp.com/js/vendor/jquery-1.11.3.min.js
[RESPONSE] https://the-internet.herokuapp.com/css/font-awesome.css
[RESPONSE] https://the-internet.herokuapp.com/js/foundation/foundation.alerts.js
[REQUEST] https://the-internet.herokuapp.com/js/foundation/foundation.alerts.js
[REQUEST] https://the-internet.herokuapp.com/fonts/fontawesome-webfont.woff2?v=4.3.0
[RESPONSE] https://the-internet.herokuapp.com/fonts/fontawesome-webfont.woff2?v=4.3.0
[REQUEST] https://298279967.log.optimizely.com/event?a=298279967&d=298279967&y=false&n=https%3A%2F%2Fthe-internet.herokuapp.com%2Flogin&u=oeu1745554373255r0.9435140784593906&wxhr=true&t=1745554373258&f=298349752,318188263
[REQUEST] https://298279967.log.optimizely.com/event?a=298279967&d=298279967&y=false&n=engagement&g=298283957&u=oeu1745554373255r0.9435140784593906&wxhr=true&t=1745554374281&f=298349752,318188263
[REQUEST] https://298279967.log.optimizely.com/event?a=298279967&d=298279967&y=false&n=https%3A%2F%2Fthe-internet.herokuapp.com%2Flogin&u=oeu1745554373255r0.9435140784593906&wxhr=true&t=1745554374815&f=298349752,318188263
[REQUEST] https://the-internet.herokuapp.com/login
[RESPONSE] https://the-internet.herokuapp.com/login
[REQUEST] https://the-internet.herokuapp.com/css/app.css
[REQUEST] https://the-internet.herokuapp.com/js/vendor/jquery-ui-1.11.4/jquery-ui.js
[REQUEST] https://the-internet.herokuapp.com/css/font-awesome.css
[REQUEST] https://the-internet.herokuapp.com/js/vendor/298279967.js
[REQUEST] https://the-internet.herokuapp.com/js/vendor/jquery-1.11.3.min.js
[REQUEST] https://the-internet.herokuapp.com/js/foundation/foundation.js
[REQUEST] https://the-internet.herokuapp.com/js/foundation/foundation.alerts.js
[REQUEST] https://the-internet.herokuapp.com/img/forkme_right_green_007200.png
[RESPONSE] https://the-internet.herokuapp.com/css/app.css
[RESPONSE] https://the-internet.herokuapp.com/js/foundation/foundation.js
[RESPONSE] https://the-internet.herokuapp.com/css/font-awesome.css
[RESPONSE] https://the-internet.herokuapp.com/js/vendor/298279967.js
[REQUEST] https://298279967.log.optimizely.com/event?a=298279967&d=298279967&y=false&n=https%3A%2F%2Fthe-internet.herokuapp.com%2Flogin&u=oeu1745554431921r0.4846173215839191&wxhr=true&t=1745554431924&f=298349752,318188263
[RESPONSE] https://the-internet.herokuapp.com/js/foundation/foundation.alerts.js
[RESPONSE] https://the-internet.herokuapp.com/img/forkme_right_green_007200.png
[RESPONSE] https://the-internet.herokuapp.com/js/vendor/jquery-1.11.3.min.js
[RESPONSE] https://the-internet.herokuapp.com/js/vendor/jquery-ui-1.11.4/jquery-ui.js
[REQUEST] https://the-internet.herokuapp.com/fonts/fontawesome-webfont.woff2?v=4.3.0
[RESPONSE] https://the-internet.herokuapp.com/fonts/fontawesome-webfont.woff2?v=4.3.0
[REQUEST] https://the-internet.herokuapp.com/favicon.ico
[REQUEST] https://298279967.log.optimizely.com/event?a=298279967&d=298279967&y=false&n=engagement&g=298283957&u=oeu1745554431921r0.4846173215839191&wxhr=true&t=1745554433429&f=298349752,318188263
[REQUEST] https://the-internet.herokuapp.com/authenticate
[RESPONSE] https://the-internet.herokuapp.com/favicon.ico
[REQUEST] https://the-internet.herokuapp.com/login
[RESPONSE] https://the-internet.herokuapp.com/login
[RESPONSE] https://the-internet.herokuapp.com/css/app.css
[REQUEST] https://the-internet.herokuapp.com/js/vendor/298279967.js
[RESPONSE] https://the-internet.herokuapp.com/css/font-awesome.css
[REQUEST] https://the-internet.herokuapp.com/css/font-awesome.css
[RESPONSE] https://the-internet.herokuapp.com/js/vendor/jquery-1.11.3.min.js
[REQUEST] https://the-internet.herokuapp.com/js/vendor/jquery-ui-1.11.4/jquery-ui.js
[REQUEST] https://the-internet.herokuapp.com/js/vendor/jquery-1.11.3.min.js
[RESPONSE] https://the-internet.herokuapp.com/js/foundation/foundation.alerts.js
[RESPONSE] https://the-internet.herokuapp.com/js/foundation/foundation.js
[REQUEST] https://the-internet.herokuapp.com/js/foundation/foundation.alerts.js
[REQUEST] https://the-internet.herokuapp.com/img/forkme_right_green_007200.png
[RESPONSE] https://the-internet.herokuapp.com/img/forkme_right_green_007200.png
[REQUEST] https://the-internet.herokuapp.com/js/foundation/foundation.js
[RESPONSE] https://the-internet.herokuapp.com/js/vendor/jquery-ui-1.11.4/jquery-ui.js
[RESPONSE] https://the-internet.herokuapp.com/js/vendor/298279967.js
[REQUEST] https://the-internet.herokuapp.com/css/app.css
[REQUEST] https://298279967.log.optimizely.com/event?a=298279967&d=298279967&y=false&n=https%3A%2F%2Fthe-internet.herokuapp.com%2Flogin&u=oeu1745554431921r0.4846173215839191&wxhr=true&t=1745554434002&f=298349752,318188263
[REQUEST] https://298279967.log.optimizely.com/event?a=298279967&d=298279967&y=false&n=engagement&g=298283957&u=oeu1745554431921r0.4846173215839191&wxhr=true&t=1745554433429&f=298349752,318188263
[REQUEST] https://the-internet.herokuapp.com/fonts/fontawesome-webfont.woff2?v=4.3.0
[REQUEST] https://298279967.log.optimizely.com/event?a=298279967&d=298279967&y=false&n=https%3A%2F%2Fthe-internet.herokuapp.com%2Flogin&u=oeu1745554431921r0.4846173215839191&wxhr=true&t=1745554431924&f=298349752,318188263
[RESPONSE] https://the-internet.herokuapp.com/fonts/fontawesome-webfont.woff2?v=4.3.0
